0 info it worked if it ends with ok
1 verbose cli [
1 verbose cli   'C:\\Program Files\\nodejs\\node.exe',
1 verbose cli   'C:\\Users\\marko\\AppData\\Roaming\\npm\\node_modules\\npm\\bin\\npm-cli.js',
1 verbose cli   'start'
1 verbose cli ]
2 info using npm@3.10.10
3 info using node@v12.16.2
4 verbose run-script [ 'prestart', 'start', 'poststart' ]
5 info lifecycle startcoffee-be@1.0.0~prestart: startcoffee-be@1.0.0
6 silly lifecycle startcoffee-be@1.0.0~prestart: no script for prestart, continuing
7 info lifecycle startcoffee-be@1.0.0~start: startcoffee-be@1.0.0
8 verbose lifecycle startcoffee-be@1.0.0~start: unsafe-perm in lifecycle true
9 verbose lifecycle startcoffee-be@1.0.0~start: PATH: C:\Users\marko\AppData\Roaming\npm\node_modules\npm\bin\node-gyp-bin;C:\Users\marko\Desktop\startcoffee-be\node_modules\.bin;C:\Users\marko\Desktop\cmder\vendor\conemu-maximus5\ConEmu\Scripts;C:\Users\marko\Desktop\cmder\vendor\conemu-maximus5;C:\Users\marko\Desktop\cmder\vendor\conemu-maximus5\ConEmu;C:\Program Files\Microsoft MPI\Bin\;C:\WINDOWS\system32;C:\WINDOWS;C:\WINDOWS\System32\Wbem;C:\WINDOWS\System32\WindowsPowerShell\v1.0\;C:\Program Files\dotnet\;C:\Program Files\Microsoft SQL Server\130\Tools\Binn\;C:\Program Files\MySQL\MySQL Utilities 1.6\;C:\Program Files\Git\cmd;C:\WINDOWS\System32\OpenSSH\;C:\Program Files\nodejs\;C:\Users\marko\.windows-build-tools\python27\;C:\Users\marko\AppData\Roaming\npm\node_modules\npm\node_modules\npm-lifecycle\node-gyp-bin;C:\Users\marko\AppData\Roaming\npm\node_modules\windows-build-tools\node_modules\.bin;C:\Users\marko\AppData\Roaming\npm\node_modules\.bin;C:\Program Files\Microsoft MPI\Bin\;C:\WINDOWS\system32;C:\WINDOWS;C:\WINDOWS\System32\Wbem;C:\WINDOWS\System32\WindowsPowerShell\v1.0\;C:\Program Files\dotnet\;C:\Program Files\Microsoft SQL Server\130\Tools\Binn\;C:\Program Files\MySQL\MySQL Utilities 1.6\;C:\Program Files\Git\cmd;C:\WINDOWS\System32\OpenSSH\;C:\Program Files\nodejs\;C:\Program Files\nodejs\node_modules\npm\node_modules\npm-lifecycle\node-gyp-bin;C:\Users\marko\AppData\Local\Microsoft\WindowsApps;C:\Program Files\Microsoft VS Code\bin;C:\Users\marko\AppData\Local\Microsoft\WindowsApps;C:\Users\marko\AppData\Roaming\npm
10 verbose lifecycle startcoffee-be@1.0.0~start: CWD: C:\Users\marko\Desktop\startcoffee-be
11 silly lifecycle startcoffee-be@1.0.0~start: Args: [ '/d /s /c', 'supervisor ./main/app.js' ]
12 silly lifecycle startcoffee-be@1.0.0~start: Returned: code: 3221225786  signal: null
13 info lifecycle startcoffee-be@1.0.0~start: Failed to exec start script
14 verbose stack Error: startcoffee-be@1.0.0 start: `supervisor ./main/app.js`
14 verbose stack Exit status 3221225786
14 verbose stack     at EventEmitter.<anonymous> (C:\Users\marko\AppData\Roaming\npm\node_modules\npm\lib\utils\lifecycle.js:255:16)
14 verbose stack     at EventEmitter.emit (events.js:310:20)
14 verbose stack     at ChildProcess.<anonymous> (C:\Users\marko\AppData\Roaming\npm\node_modules\npm\lib\utils\spawn.js:40:14)
14 verbose stack     at ChildProcess.emit (events.js:310:20)
14 verbose stack     at maybeClose (internal/child_process.js:1021:16)
14 verbose stack     at Process.ChildProcess._handle.onexit (internal/child_process.js:286:5)
15 verbose pkgid startcoffee-be@1.0.0
16 verbose cwd C:\Users\marko\Desktop\startcoffee-be
17 error Windows_NT 10.0.18363
18 error argv "C:\\Program Files\\nodejs\\node.exe" "C:\\Users\\marko\\AppData\\Roaming\\npm\\node_modules\\npm\\bin\\npm-cli.js" "start"
19 error node v12.16.2
20 error npm  v3.10.10
21 error code ELIFECYCLE
22 error startcoffee-be@1.0.0 start: `supervisor ./main/app.js`
22 error Exit status 3221225786
23 error Failed at the startcoffee-be@1.0.0 start script 'supervisor ./main/app.js'.
23 error Make sure you have the latest version of node.js and npm installed.
23 error If you do, this is most likely a problem with the startcoffee-be package,
23 error not with npm itself.
23 error Tell the author that this fails on your system:
23 error     supervisor ./main/app.js
23 error You can get information on how to open an issue for this project with:
23 error     npm bugs startcoffee-be
23 error Or if that isn't available, you can get their info via:
23 error     npm owner ls startcoffee-be
23 error There is likely additional logging output above.
24 verbose exit [ 1, true ]
